<?xml version="1.0" encoding="UTF-8"?>
<!-- Generated by org.testng.reporters.JUnitXMLReporter -->
<testsuite ignored="0" hostname="LAPTOP-J81SHHRK" failures="1" tests="3" name="Default test(failed)" time="33.993" errors="0" timestamp="2024-07-04T11:04:56 IST">
  <testcase classname="com.comcast.crm.orgtest.CreateOrganization1Test" name="createOrgTest" time="3.628">
    <failure type="java.lang.NullPointerException" message="Cannot invoke &amp;quot;com.aventstack.extentreports.ExtentTest.log(com.aventstack.extentreports.Status, String)&amp;quot; because the return value of &amp;quot;com.comcast.crm.generic.webdriverutility.UtilityClassObject.getTest()&amp;quot; is null">
      <![CDATA[java.lang.NullPointerException: Cannot invoke "com.aventstack.extentreports.ExtentTest.log(com.aventstack.extentreports.Status, String)" because the return value of "com.comcast.crm.generic.webdriverutility.UtilityClassObject.getTest()" is null
at com.comcast.crm.orgtest.CreateOrganization1Test.createOrgTest(CreateOrganization1Test.java:34)
at java.base/java.util.ArrayList.forEach(ArrayList.java:1596)
... Removed 25 stack frames]]>
    </failure>
  </testcase> <!-- createOrgTest -->
  <testcase classname="com.comcast.crm.orgtest.CreateOrganization1Test" name="createOrgWithIndustries" time="7.618"/>
  <testcase classname="com.comcast.crm.orgtest.CreateOrganization1Test" name="createOrgWithPhoneNumber" time="8.009"/>
</testsuite> <!-- Default test(failed) -->
