<?xml version="1.0" encoding="UTF-8"?>
<!-- Generated by org.testng.reporters.JUnitXMLReporter -->
<testsuite ignored="0" hostname="LAPTOP-J81SHHRK" failures="0" tests="3" name="Default test" time="43.267" errors="0" timestamp="2024-07-10T11:24:02 IST">
  <testcase classname="com.comcast.crm.orgtest.CreateOrganization1Test" name="createOrgTest" time="9.233"/>
  <testcase classname="com.comcast.crm.orgtest.CreateOrganization1Test" name="createOrgWithIndustries" time="7.667"/>
  <testcase classname="com.comcast.crm.orgtest.CreateOrganization1Test" name="createOrgWithPhoneNumber" time="7.982"/>
</testsuite> <!-- Default test -->
