<?xml version="1.0" encoding="UTF-8"?>
<!-- Generated by org.testng.reporters.JUnitXMLReporter -->
<testsuite ignored="2" hostname="LAPTOP-J81SHHRK" failures="0" tests="4" name="TestRunner-2" time="58.729" errors="0" timestamp="2024-06-28T11:11:56 IST">
  <testcase classname="com.comcast.crm.contacttest.CreateContact1Test" name="createContactTest" time="8.46"/>
  <testcase classname="com.comcast.crm.orgtest.CreateOrganization1Test" name="createOrgTest" time="8.783"/>
  <testcase classname="com.comcast.crm.orgtest.CreateOrganization1Test" name="createOrgWithIndustries" time="8.831"/>
  <testcase classname="com.comcast.crm.orgtest.CreateOrganization1Test" name="createOrgWithPhoneNumber" time="8.871"/>
  <testcase classname="com.comcast.crm.baseutility.BaseClass" name="@AfterSuite configAS" time="0.0">
    <ignored/>
  </testcase> <!-- @AfterSuite configAS -->
  <testcase classname="com.comcast.crm.baseutility.BaseClass" name="@BeforeSuite configBS" time="0.0">
    <ignored/>
  </testcase> <!-- @BeforeSuite configBS -->
</testsuite> <!-- TestRunner-2 -->
